2021-02-01T11:42:12.448928Z 0 [System] [MY-010116] [Server] C:\Users\birkle\Python\Database\bin\mysqld.exe (mysqld 8.0.23) starting as process 1976
2021-02-01T11:42:12.469139Z 1 [System] [MY-013576] [InnoDB] InnoDB initialization has started.
2021-02-01T11:42:13.625406Z 1 [System] [MY-013577] [InnoDB] InnoDB initialization has ended.
2021-02-01T11:42:13.894388Z 0 [System] [MY-011323] [Server] X Plugin ready for connections. Bind-address: '::' port: 33060
2021-02-01T11:42:14.111713Z 0 [Warning] [MY-010068] [Server] CA certificate ca.pem is self signed.
2021-02-01T11:42:14.114500Z 0 [System] [MY-013602] [Server] Channel mysql_main configured to support TLS. Encrypted connections are now supported for this channel.
2021-02-01T11:42:14.201112Z 0 [System] [MY-010931] [Server] C:\Users\birkle\Python\Database\bin\mysqld.exe: ready for connections. Version: '8.0.23'  socket: ''  port: 3306  MySQL Community Server - GPL.
2021-02-01T11:43:36.450210Z 0 [System] [MY-010116] [Server] C:\Users\birkle\Python\Database\bin\mysqld (mysqld 8.0.23) starting as process 12732
2021-02-01T11:43:36.472374Z 1 [System] [MY-013576] [InnoDB] InnoDB initialization has started.
2021-02-01T11:43:37.899723Z 1 [System] [MY-013577] [InnoDB] InnoDB initialization has ended.
2021-02-01T11:43:38.165037Z 0 [System] [MY-011323] [Server] X Plugin ready for connections. Bind-address: '::' port: 33060
2021-02-01T11:43:38.217934Z 0 [System] [MY-010229] [Server] Starting XA crash recovery...
2021-02-01T11:43:38.228557Z 0 [System] [MY-010232] [Server] XA crash recovery finished.
2021-02-01T11:43:38.314198Z 0 [Warning] [MY-010068] [Server] CA certificate ca.pem is self signed.
2021-02-01T11:43:38.315203Z 0 [System] [MY-013602] [Server] Channel mysql_main configured to support TLS. Encrypted connections are now supported for this channel.
2021-02-01T11:43:38.398110Z 0 [System] [MY-010931] [Server] C:\Users\birkle\Python\Database\bin\mysqld: ready for connections. Version: '8.0.23'  socket: ''  port: 3306  MySQL Community Server - GPL.
2021-02-01T11:46:06.291914Z 0 [System] [MY-010116] [Server] C:\Users\birkle\Python\Database\bin\mysqld (mysqld 8.0.23) starting as process 11784
2021-02-01T11:46:06.320593Z 1 [System] [MY-013576] [InnoDB] InnoDB initialization has started.
2021-02-01T11:46:07.819703Z 1 [System] [MY-013577] [InnoDB] InnoDB initialization has ended.
2021-02-01T11:46:08.286373Z 0 [System] [MY-011323] [Server] X Plugin ready for connections. Bind-address: '::' port: 33060
2021-02-01T11:46:08.325366Z 0 [System] [MY-010229] [Server] Starting XA crash recovery...
2021-02-01T11:46:08.338044Z 0 [System] [MY-010232] [Server] XA crash recovery finished.
2021-02-01T11:46:08.412277Z 0 [Warning] [MY-010068] [Server] CA certificate ca.pem is self signed.
2021-02-01T11:46:08.413557Z 0 [System] [MY-013602] [Server] Channel mysql_main configured to support TLS. Encrypted connections are now supported for this channel.
2021-02-01T11:46:08.475612Z 0 [System] [MY-010931] [Server] C:\Users\birkle\Python\Database\bin\mysqld: ready for connections. Version: '8.0.23'  socket: ''  port: 3306  MySQL Community Server - GPL.
2021-02-01T11:46:18.218571Z 0 [System] [MY-010116] [Server] C:\Users\birkle\Python\Database\bin\mysqld (mysqld 8.0.23) starting as process 9992
2021-02-01T11:46:18.251398Z 1 [System] [MY-013576] [InnoDB] InnoDB initialization has started.
2021-02-01T11:46:18.253553Z 1 [ERROR] [MY-012271] [InnoDB] The innodb_system data file 'ibdata1' must be writable
2021-02-01T11:46:18.254554Z 1 [ERROR] [MY-012278] [InnoDB] The innodb_system data file 'ibdata1' must be writable
2021-02-01T11:46:18.256193Z 1 [ERROR] [MY-010334] [Server] Failed to initialize DD Storage Engine
2021-02-01T11:46:18.257382Z 0 [ERROR] [MY-010020] [Server] Data Dictionary initialization failed.
2021-02-01T11:46:18.258658Z 0 [ERROR] [MY-010119] [Server] Aborting
2021-02-01T11:46:18.260164Z 0 [System] [MY-010910] [Server] C:\Users\birkle\Python\Database\bin\mysqld: Shutdown complete (mysqld 8.0.23)  MySQL Community Server - GPL.
2021-02-01T11:46:27.341809Z 0 [System] [MY-010116] [Server] C:\Users\birkle\Python\Database\bin\mysqld (mysqld 8.0.23) starting as process 7868
2021-02-01T11:46:27.368522Z 1 [System] [MY-013576] [InnoDB] InnoDB initialization has started.
2021-02-01T11:46:27.371200Z 1 [ERROR] [MY-012271] [InnoDB] The innodb_system data file 'ibdata1' must be writable
2021-02-01T11:46:27.372250Z 1 [ERROR] [MY-012278] [InnoDB] The innodb_system data file 'ibdata1' must be writable
2021-02-01T11:46:27.373501Z 1 [ERROR] [MY-010334] [Server] Failed to initialize DD Storage Engine
2021-02-01T11:46:27.374745Z 0 [ERROR] [MY-010020] [Server] Data Dictionary initialization failed.
2021-02-01T11:46:27.375668Z 0 [ERROR] [MY-010119] [Server] Aborting
2021-02-01T11:46:27.376831Z 0 [System] [MY-010910] [Server] C:\Users\birkle\Python\Database\bin\mysqld: Shutdown complete (mysqld 8.0.23)  MySQL Community Server - GPL.
2021-02-01T11:47:47.398726Z 0 [System] [MY-010116] [Server] C:\Users\birkle\Python\Database\bin\mysqld (mysqld 8.0.23) starting as process 3504
2021-02-01T11:47:47.429041Z 1 [System] [MY-013576] [InnoDB] InnoDB initialization has started.
2021-02-01T11:47:48.557672Z 1 [System] [MY-013577] [InnoDB] InnoDB initialization has ended.
2021-02-01T11:47:48.786668Z 0 [System] [MY-011323] [Server] X Plugin ready for connections. Bind-address: '::' port: 33060
2021-02-01T11:47:48.825199Z 0 [System] [MY-010229] [Server] Starting XA crash recovery...
2021-02-01T11:47:48.835072Z 0 [System] [MY-010232] [Server] XA crash recovery finished.
2021-02-01T11:47:48.900650Z 0 [Warning] [MY-010068] [Server] CA certificate ca.pem is self signed.
2021-02-01T11:47:48.901934Z 0 [System] [MY-013602] [Server] Channel mysql_main configured to support TLS. Encrypted connections are now supported for this channel.
2021-02-01T11:47:48.969126Z 0 [System] [MY-010931] [Server] C:\Users\birkle\Python\Database\bin\mysqld: ready for connections. Version: '8.0.23'  socket: ''  port: 3306  MySQL Community Server - GPL.
2021-02-01T11:47:49.244978Z 8 [System] [MY-013172] [Server] Received SHUTDOWN from user root. Shutting down mysqld (Version: 8.0.23).
2021-02-01T11:47:49.246428Z 0 [System] [MY-013105] [Server] C:\Users\birkle\Python\Database\bin\mysqld: Normal shutdown.
2021-02-01T11:47:50.166723Z 0 [System] [MY-010910] [Server] C:\Users\birkle\Python\Database\bin\mysqld: Shutdown complete (mysqld 8.0.23)  MySQL Community Server - GPL.
2021-02-01T11:48:58.536164Z 0 [System] [MY-010116] [Server] C:\Users\birkle\Python\Database\bin\mysqld (mysqld 8.0.23) starting as process 12684
2021-02-01T11:48:58.571207Z 1 [System] [MY-013576] [InnoDB] InnoDB initialization has started.
2021-02-01T11:48:59.596338Z 1 [System] [MY-013577] [InnoDB] InnoDB initialization has ended.
2021-02-01T11:48:59.940374Z 0 [System] [MY-011323] [Server] X Plugin ready for connections. Bind-address: '::' port: 33060
2021-02-01T11:49:00.126573Z 0 [Warning] [MY-010068] [Server] CA certificate ca.pem is self signed.
2021-02-01T11:49:00.128474Z 0 [System] [MY-013602] [Server] Channel mysql_main configured to support TLS. Encrypted connections are now supported for this channel.
2021-02-01T11:49:00.219798Z 0 [System] [MY-010931] [Server] C:\Users\birkle\Python\Database\bin\mysqld: ready for connections. Version: '8.0.23'  socket: ''  port: 3306  MySQL Community Server - GPL.
2021-02-01T11:49:14.562284Z 0 [System] [MY-010116] [Server] C:\Users\birkle\Python\Database\bin\mysqld (mysqld 8.0.23) starting as process 13332
2021-02-01T11:49:14.601357Z 1 [System] [MY-013576] [InnoDB] InnoDB initialization has started.
2021-02-01T11:49:16.180928Z 1 [System] [MY-013577] [InnoDB] InnoDB initialization has ended.
2021-02-01T11:49:16.430069Z 0 [System] [MY-011323] [Server] X Plugin ready for connections. Bind-address: '::' port: 33060
2021-02-01T11:49:16.466858Z 0 [System] [MY-010229] [Server] Starting XA crash recovery...
2021-02-01T11:49:16.476225Z 0 [System] [MY-010232] [Server] XA crash recovery finished.
2021-02-01T11:49:16.551696Z 0 [Warning] [MY-010068] [Server] CA certificate ca.pem is self signed.
2021-02-01T11:49:16.553098Z 0 [System] [MY-013602] [Server] Channel mysql_main configured to support TLS. Encrypted connections are now supported for this channel.
2021-02-01T11:49:16.622624Z 0 [System] [MY-010931] [Server] C:\Users\birkle\Python\Database\bin\mysqld: ready for connections. Version: '8.0.23'  socket: ''  port: 3306  MySQL Community Server - GPL.
2021-02-01T11:49:27.592643Z 0 [System] [MY-010116] [Server] C:\Users\birkle\Python\Database\bin\mysqld (mysqld 8.0.23) starting as process 3660
2021-02-01T11:49:27.635245Z 1 [System] [MY-013576] [InnoDB] InnoDB initialization has started.
2021-02-01T11:49:28.934071Z 1 [System] [MY-013577] [InnoDB] InnoDB initialization has ended.
2021-02-01T11:49:29.228340Z 0 [System] [MY-011323] [Server] X Plugin ready for connections. Bind-address: '::' port: 33060
2021-02-01T11:49:29.272457Z 0 [System] [MY-010229] [Server] Starting XA crash recovery...
2021-02-01T11:49:29.283785Z 0 [System] [MY-010232] [Server] XA crash recovery finished.
2021-02-01T11:49:29.354031Z 0 [Warning] [MY-010068] [Server] CA certificate ca.pem is self signed.
2021-02-01T11:49:29.355321Z 0 [System] [MY-013602] [Server] Channel mysql_main configured to support TLS. Encrypted connections are now supported for this channel.
2021-02-01T11:49:29.422216Z 0 [System] [MY-010931] [Server] C:\Users\birkle\Python\Database\bin\mysqld: ready for connections. Version: '8.0.23'  socket: ''  port: 3306  MySQL Community Server - GPL.
2021-02-01T11:49:29.432515Z 8 [System] [MY-013172] [Server] Received SHUTDOWN from user root. Shutting down mysqld (Version: 8.0.23).
2021-02-01T11:49:29.433853Z 0 [System] [MY-013105] [Server] C:\Users\birkle\Python\Database\bin\mysqld: Normal shutdown.
2021-02-01T11:49:30.530831Z 0 [System] [MY-010910] [Server] C:\Users\birkle\Python\Database\bin\mysqld: Shutdown complete (mysqld 8.0.23)  MySQL Community Server - GPL.
2021-02-01T11:49:46.940048Z 0 [System] [MY-010116] [Server] C:\Users\birkle\Python\Database\bin\mysqld (mysqld 8.0.23) starting as process 9544
2021-02-01T11:49:46.966548Z 1 [System] [MY-013576] [InnoDB] InnoDB initialization has started.
2021-02-01T11:49:48.049244Z 1 [System] [MY-013577] [InnoDB] InnoDB initialization has ended.
2021-02-01T11:49:48.343727Z 0 [System] [MY-011323] [Server] X Plugin ready for connections. Bind-address: '::' port: 33060
2021-02-01T11:49:48.443326Z 0 [Warning] [MY-010068] [Server] CA certificate ca.pem is self signed.
2021-02-01T11:49:48.444629Z 0 [System] [MY-013602] [Server] Channel mysql_main configured to support TLS. Encrypted connections are now supported for this channel.
2021-02-01T11:49:48.512957Z 0 [System] [MY-010931] [Server] C:\Users\birkle\Python\Database\bin\mysqld: ready for connections. Version: '8.0.23'  socket: ''  port: 3306  MySQL Community Server - GPL.
2021-02-01T11:49:57.005017Z 0 [System] [MY-010116] [Server] C:\Users\birkle\Python\Database\bin\mysqld (mysqld 8.0.23) starting as process 1808
2021-02-01T11:49:57.052301Z 1 [System] [MY-013576] [InnoDB] InnoDB initialization has started.
2021-02-01T11:49:57.056780Z 1 [ERROR] [MY-012271] [InnoDB] The innodb_system data file 'ibdata1' must be writable
2021-02-01T11:49:57.058286Z 1 [ERROR] [MY-012278] [InnoDB] The innodb_system data file 'ibdata1' must be writable
2021-02-01T11:49:57.060032Z 1 [ERROR] [MY-010334] [Server] Failed to initialize DD Storage Engine
2021-02-01T11:49:57.061776Z 0 [ERROR] [MY-010020] [Server] Data Dictionary initialization failed.
2021-02-01T11:49:57.063285Z 0 [ERROR] [MY-010119] [Server] Aborting
2021-02-01T11:49:57.064933Z 0 [System] [MY-010910] [Server] C:\Users\birkle\Python\Database\bin\mysqld: Shutdown complete (mysqld 8.0.23)  MySQL Community Server - GPL.
2021-02-01T11:50:04.444850Z 0 [System] [MY-010116] [Server] C:\Users\birkle\Python\Database\bin\mysqld (mysqld 8.0.23) starting as process 10988
2021-02-01T11:50:04.471838Z 1 [System] [MY-013576] [InnoDB] InnoDB initialization has started.
2021-02-01T11:50:04.473914Z 1 [ERROR] [MY-012271] [InnoDB] The innodb_system data file 'ibdata1' must be writable
2021-02-01T11:50:04.474866Z 1 [ERROR] [MY-012278] [InnoDB] The innodb_system data file 'ibdata1' must be writable
2021-02-01T11:50:04.475888Z 1 [ERROR] [MY-010334] [Server] Failed to initialize DD Storage Engine
2021-02-01T11:50:04.476982Z 0 [ERROR] [MY-010020] [Server] Data Dictionary initialization failed.
2021-02-01T11:50:04.477944Z 0 [ERROR] [MY-010119] [Server] Aborting
2021-02-01T11:50:04.479041Z 0 [System] [MY-010910] [Server] C:\Users\birkle\Python\Database\bin\mysqld: Shutdown complete (mysqld 8.0.23)  MySQL Community Server - GPL.
2021-02-01T12:03:54.620830Z 0 [System] [MY-010116] [Server] C:\Users\birkle\Python\Database\bin\mysqld (mysqld 8.0.23) starting as process 9236
2021-02-01T12:03:54.645492Z 1 [System] [MY-013576] [InnoDB] InnoDB initialization has started.
2021-02-01T12:03:54.648380Z 1 [ERROR] [MY-012271] [InnoDB] The innodb_system data file 'ibdata1' must be writable
2021-02-01T12:03:54.649700Z 1 [ERROR] [MY-012278] [InnoDB] The innodb_system data file 'ibdata1' must be writable
2021-02-01T12:03:54.651012Z 1 [ERROR] [MY-010334] [Server] Failed to initialize DD Storage Engine
2021-02-01T12:03:54.652242Z 0 [ERROR] [MY-010020] [Server] Data Dictionary initialization failed.
2021-02-01T12:03:54.653156Z 0 [ERROR] [MY-010119] [Server] Aborting
2021-02-01T12:03:54.654307Z 0 [System] [MY-010910] [Server] C:\Users\birkle\Python\Database\bin\mysqld: Shutdown complete (mysqld 8.0.23)  MySQL Community Server - GPL.
2021-02-01T12:04:37.277641Z 0 [System] [MY-010116] [Server] C:\Users\birkle\Python\Database\bin\mysqld (mysqld 8.0.23) starting as process 10544
2021-02-01T12:04:37.303991Z 1 [System] [MY-013576] [InnoDB] InnoDB initialization has started.
2021-02-01T12:04:37.307092Z 1 [ERROR] [MY-012271] [InnoDB] The innodb_system data file 'ibdata1' must be writable
2021-02-01T12:04:37.308558Z 1 [ERROR] [MY-012278] [InnoDB] The innodb_system data file 'ibdata1' must be writable
2021-02-01T12:04:37.309600Z 1 [ERROR] [MY-010334] [Server] Failed to initialize DD Storage Engine
2021-02-01T12:04:37.310779Z 0 [ERROR] [MY-010020] [Server] Data Dictionary initialization failed.
2021-02-01T12:04:37.311774Z 0 [ERROR] [MY-010119] [Server] Aborting
2021-02-01T12:04:37.313228Z 0 [System] [MY-010910] [Server] C:\Users\birkle\Python\Database\bin\mysqld: Shutdown complete (mysqld 8.0.23)  MySQL Community Server - GPL.
2021-02-01T12:19:15.448681Z 0 [System] [MY-010116] [Server] C:\Users\birkle\Python\Database\bin\mysqld (mysqld 8.0.23) starting as process 9936
2021-02-01T12:19:15.472629Z 1 [System] [MY-013576] [InnoDB] InnoDB initialization has started.
2021-02-01T12:19:16.760444Z 1 [System] [MY-013577] [InnoDB] InnoDB initialization has ended.
2021-02-01T12:19:17.020627Z 0 [System] [MY-011323] [Server] X Plugin ready for connections. Bind-address: '::' port: 33060
2021-02-01T12:19:17.060324Z 0 [System] [MY-010229] [Server] Starting XA crash recovery...
2021-02-01T12:19:17.073296Z 0 [System] [MY-010232] [Server] XA crash recovery finished.
2021-02-01T12:19:17.150531Z 0 [Warning] [MY-010068] [Server] CA certificate ca.pem is self signed.
2021-02-01T12:19:17.151723Z 0 [System] [MY-013602] [Server] Channel mysql_main configured to support TLS. Encrypted connections are now supported for this channel.
2021-02-01T12:19:17.218465Z 0 [System] [MY-010931] [Server] C:\Users\birkle\Python\Database\bin\mysqld: ready for connections. Version: '8.0.23'  socket: ''  port: 3306  MySQL Community Server - GPL.
2021-02-01T12:19:24.318473Z 0 [System] [MY-010116] [Server] C:\Users\birkle\Python\Database\bin\mysqld (mysqld 8.0.23) starting as process 6812
2021-02-01T12:19:24.365321Z 1 [System] [MY-013576] [InnoDB] InnoDB initialization has started.
2021-02-01T12:19:24.367930Z 1 [ERROR] [MY-012271] [InnoDB] The innodb_system data file 'ibdata1' must be writable
2021-02-01T12:19:24.368987Z 1 [ERROR] [MY-012278] [InnoDB] The innodb_system data file 'ibdata1' must be writable
2021-02-01T12:19:24.370038Z 1 [ERROR] [MY-010334] [Server] Failed to initialize DD Storage Engine
2021-02-01T12:19:24.371228Z 0 [ERROR] [MY-010020] [Server] Data Dictionary initialization failed.
2021-02-01T12:19:24.372265Z 0 [ERROR] [MY-010119] [Server] Aborting
2021-02-01T12:19:24.373477Z 0 [System] [MY-010910] [Server] C:\Users\birkle\Python\Database\bin\mysqld: Shutdown complete (mysqld 8.0.23)  MySQL Community Server - GPL.
2021-02-01T12:38:50.853149Z 0 [System] [MY-010116] [Server] C:\Users\birkle\Python\Database\bin\mysqld (mysqld 8.0.23) starting as process 12356
2021-02-01T12:38:50.875099Z 1 [System] [MY-013576] [InnoDB] InnoDB initialization has started.
2021-02-01T12:38:50.877782Z 1 [ERROR] [MY-012271] [InnoDB] The innodb_system data file 'ibdata1' must be writable
2021-02-01T12:38:50.878796Z 1 [ERROR] [MY-012278] [InnoDB] The innodb_system data file 'ibdata1' must be writable
2021-02-01T12:38:50.879927Z 1 [ERROR] [MY-010334] [Server] Failed to initialize DD Storage Engine
2021-02-01T12:38:50.881146Z 0 [ERROR] [MY-010020] [Server] Data Dictionary initialization failed.
2021-02-01T12:38:50.882488Z 0 [ERROR] [MY-010119] [Server] Aborting
2021-02-01T12:38:50.884267Z 0 [System] [MY-010910] [Server] C:\Users\birkle\Python\Database\bin\mysqld: Shutdown complete (mysqld 8.0.23)  MySQL Community Server - GPL.
2021-02-01T12:41:25.452415Z 0 [System] [MY-010116] [Server] C:\Users\birkle\Python\Database\bin\mysqld (mysqld 8.0.23) starting as process 1772
2021-02-01T12:41:25.474984Z 1 [System] [MY-013576] [InnoDB] InnoDB initialization has started.
2021-02-01T12:41:25.477146Z 1 [ERROR] [MY-012271] [InnoDB] The innodb_system data file 'ibdata1' must be writable
2021-02-01T12:41:25.478156Z 1 [ERROR] [MY-012278] [InnoDB] The innodb_system data file 'ibdata1' must be writable
2021-02-01T12:41:25.479160Z 1 [ERROR] [MY-010334] [Server] Failed to initialize DD Storage Engine
2021-02-01T12:41:25.480354Z 0 [ERROR] [MY-010020] [Server] Data Dictionary initialization failed.
2021-02-01T12:41:25.481691Z 0 [ERROR] [MY-010119] [Server] Aborting
2021-02-01T12:41:25.483522Z 0 [System] [MY-010910] [Server] C:\Users\birkle\Python\Database\bin\mysqld: Shutdown complete (mysqld 8.0.23)  MySQL Community Server - GPL.
2021-02-01T12:41:43.683066Z 0 [System] [MY-010116] [Server] C:\Users\birkle\Python\Database\bin\mysqld (mysqld 8.0.23) starting as process 13268
2021-02-01T12:41:43.706482Z 1 [System] [MY-013576] [InnoDB] InnoDB initialization has started.
2021-02-01T12:41:43.709764Z 1 [ERROR] [MY-012271] [InnoDB] The innodb_system data file 'ibdata1' must be writable
2021-02-01T12:41:43.711131Z 1 [ERROR] [MY-012278] [InnoDB] The innodb_system data file 'ibdata1' must be writable
2021-02-01T12:41:43.712569Z 1 [ERROR] [MY-010334] [Server] Failed to initialize DD Storage Engine
2021-02-01T12:41:43.714212Z 0 [ERROR] [MY-010020] [Server] Data Dictionary initialization failed.
2021-02-01T12:41:43.715157Z 0 [ERROR] [MY-010119] [Server] Aborting
2021-02-01T12:41:43.716377Z 0 [System] [MY-010910] [Server] C:\Users\birkle\Python\Database\bin\mysqld: Shutdown complete (mysqld 8.0.23)  MySQL Community Server - GPL.
2021-02-01T12:43:20.666882Z 0 [System] [MY-010116] [Server] C:\Users\birkle\Python\Database\bin\mysqld (mysqld 8.0.23) starting as process 14328
2021-02-01T12:43:20.691942Z 1 [System] [MY-013576] [InnoDB] InnoDB initialization has started.
2021-02-01T12:43:20.694952Z 1 [ERROR] [MY-012271] [InnoDB] The innodb_system data file 'ibdata1' must be writable
2021-02-01T12:43:20.696372Z 1 [ERROR] [MY-012278] [InnoDB] The innodb_system data file 'ibdata1' must be writable
2021-02-01T12:43:20.697823Z 1 [ERROR] [MY-010334] [Server] Failed to initialize DD Storage Engine
2021-02-01T12:43:20.699384Z 0 [ERROR] [MY-010020] [Server] Data Dictionary initialization failed.
2021-02-01T12:43:20.700330Z 0 [ERROR] [MY-010119] [Server] Aborting
2021-02-01T12:43:20.701529Z 0 [System] [MY-010910] [Server] C:\Users\birkle\Python\Database\bin\mysqld: Shutdown complete (mysqld 8.0.23)  MySQL Community Server - GPL.
2021-02-01T12:43:32.024219Z 0 [System] [MY-010116] [Server] C:\Users\birkle\Python\Database\bin\mysqld (mysqld 8.0.23) starting as process 10004
2021-02-01T12:43:32.045608Z 1 [System] [MY-013576] [InnoDB] InnoDB initialization has started.
2021-02-01T12:43:32.047844Z 1 [ERROR] [MY-012271] [InnoDB] The innodb_system data file 'ibdata1' must be writable
2021-02-01T12:43:32.048853Z 1 [ERROR] [MY-012278] [InnoDB] The innodb_system data file 'ibdata1' must be writable
2021-02-01T12:43:32.049864Z 1 [ERROR] [MY-010334] [Server] Failed to initialize DD Storage Engine
2021-02-01T12:43:32.051079Z 0 [ERROR] [MY-010020] [Server] Data Dictionary initialization failed.
2021-02-01T12:43:32.052421Z 0 [ERROR] [MY-010119] [Server] Aborting
2021-02-01T12:43:32.054263Z 0 [System] [MY-010910] [Server] C:\Users\birkle\Python\Database\bin\mysqld: Shutdown complete (mysqld 8.0.23)  MySQL Community Server - GPL.
2021-02-01T12:44:03.430752Z 0 [System] [MY-010116] [Server] C:\Users\birkle\Python\Database\bin\mysqld (mysqld 8.0.23) starting as process 832
2021-02-01T12:44:03.456411Z 1 [System] [MY-013576] [InnoDB] InnoDB initialization has started.
2021-02-01T12:44:03.458478Z 1 [ERROR] [MY-012271] [InnoDB] The innodb_system data file 'ibdata1' must be writable
2021-02-01T12:44:03.459474Z 1 [ERROR] [MY-012278] [InnoDB] The innodb_system data file 'ibdata1' must be writable
2021-02-01T12:44:03.460479Z 1 [ERROR] [MY-010334] [Server] Failed to initialize DD Storage Engine
2021-02-01T12:44:03.461639Z 0 [ERROR] [MY-010020] [Server] Data Dictionary initialization failed.
2021-02-01T12:44:03.463114Z 0 [ERROR] [MY-010119] [Server] Aborting
2021-02-01T12:44:03.464903Z 0 [System] [MY-010910] [Server] C:\Users\birkle\Python\Database\bin\mysqld: Shutdown complete (mysqld 8.0.23)  MySQL Community Server - GPL.
2021-02-01T12:44:17.351048Z 0 [System] [MY-010116] [Server] C:\Users\birkle\Python\Database\bin\mysqld (mysqld 8.0.23) starting as process 10512
2021-02-01T12:44:17.377241Z 1 [System] [MY-013576] [InnoDB] InnoDB initialization has started.
2021-02-01T12:44:17.379799Z 1 [ERROR] [MY-012271] [InnoDB] The innodb_system data file 'ibdata1' must be writable
2021-02-01T12:44:17.380818Z 1 [ERROR] [MY-012278] [InnoDB] The innodb_system data file 'ibdata1' must be writable
2021-02-01T12:44:17.381834Z 1 [ERROR] [MY-010334] [Server] Failed to initialize DD Storage Engine
2021-02-01T12:44:17.383070Z 0 [ERROR] [MY-010020] [Server] Data Dictionary initialization failed.
2021-02-01T12:44:17.384404Z 0 [ERROR] [MY-010119] [Server] Aborting
2021-02-01T12:44:17.386171Z 0 [System] [MY-010910] [Server] C:\Users\birkle\Python\Database\bin\mysqld: Shutdown complete (mysqld 8.0.23)  MySQL Community Server - GPL.
2021-02-01T14:49:43.068214Z 0 [System] [MY-010116] [Server] C:\Users\birkle\Python\Database\bin\mysqld (mysqld 8.0.23) starting as process 10484
2021-02-01T14:49:43.166289Z 1 [System] [MY-013576] [InnoDB] InnoDB initialization has started.
2021-02-01T14:49:43.168915Z 1 [ERROR] [MY-012271] [InnoDB] The innodb_system data file 'ibdata1' must be writable
2021-02-01T14:49:43.170112Z 1 [ERROR] [MY-012278] [InnoDB] The innodb_system data file 'ibdata1' must be writable
2021-02-01T14:49:43.172330Z 1 [ERROR] [MY-010334] [Server] Failed to initialize DD Storage Engine
2021-02-01T14:49:43.174197Z 0 [ERROR] [MY-010020] [Server] Data Dictionary initialization failed.
2021-02-01T14:49:43.175994Z 0 [ERROR] [MY-010119] [Server] Aborting
2021-02-01T14:49:43.178070Z 0 [System] [MY-010910] [Server] C:\Users\birkle\Python\Database\bin\mysqld: Shutdown complete (mysqld 8.0.23)  MySQL Community Server - GPL.
2021-02-01T14:50:01.245827Z 0 [System] [MY-010116] [Server] C:\Users\birkle\Python\Database\bin\mysqld (mysqld 8.0.23) starting as process 9792
2021-02-01T14:50:01.274423Z 1 [System] [MY-013576] [InnoDB] InnoDB initialization has started.
2021-02-01T14:50:01.277933Z 1 [ERROR] [MY-012271] [InnoDB] The innodb_system data file 'ibdata1' must be writable
2021-02-01T14:50:01.279083Z 1 [ERROR] [MY-012278] [InnoDB] The innodb_system data file 'ibdata1' must be writable
2021-02-01T14:50:01.280617Z 1 [ERROR] [MY-010334] [Server] Failed to initialize DD Storage Engine
2021-02-01T14:50:01.282280Z 0 [ERROR] [MY-010020] [Server] Data Dictionary initialization failed.
2021-02-01T14:50:01.283699Z 0 [ERROR] [MY-010119] [Server] Aborting
2021-02-01T14:50:01.285811Z 0 [System] [MY-010910] [Server] C:\Users\birkle\Python\Database\bin\mysqld: Shutdown complete (mysqld 8.0.23)  MySQL Community Server - GPL.
2021-02-01T14:50:14.491586Z 0 [System] [MY-010116] [Server] C:\Users\birkle\Python\Database\bin\mysqld (mysqld 8.0.23) starting as process 1016
2021-02-01T14:50:14.516778Z 1 [System] [MY-013576] [InnoDB] InnoDB initialization has started.
2021-02-01T14:50:14.519158Z 1 [ERROR] [MY-012271] [InnoDB] The innodb_system data file 'ibdata1' must be writable
2021-02-01T14:50:14.520298Z 1 [ERROR] [MY-012278] [InnoDB] The innodb_system data file 'ibdata1' must be writable
2021-02-01T14:50:14.522544Z 1 [ERROR] [MY-010334] [Server] Failed to initialize DD Storage Engine
2021-02-01T14:50:14.524389Z 0 [ERROR] [MY-010020] [Server] Data Dictionary initialization failed.
2021-02-01T14:50:14.525776Z 0 [ERROR] [MY-010119] [Server] Aborting
2021-02-01T14:50:14.527608Z 0 [System] [MY-010910] [Server] C:\Users\birkle\Python\Database\bin\mysqld: Shutdown complete (mysqld 8.0.23)  MySQL Community Server - GPL.
2021-02-01T14:50:31.687310Z 0 [System] [MY-010116] [Server] C:\Users\birkle\Python\Database\bin\mysqld (mysqld 8.0.23) starting as process 14564
2021-02-01T14:50:31.717903Z 1 [System] [MY-013576] [InnoDB] InnoDB initialization has started.
2021-02-01T14:50:31.721264Z 1 [ERROR] [MY-012271] [InnoDB] The innodb_system data file 'ibdata1' must be writable
2021-02-01T14:50:31.722293Z 1 [ERROR] [MY-012278] [InnoDB] The innodb_system data file 'ibdata1' must be writable
2021-02-01T14:50:31.723287Z 1 [ERROR] [MY-010334] [Server] Failed to initialize DD Storage Engine
2021-02-01T14:50:31.724422Z 0 [ERROR] [MY-010020] [Server] Data Dictionary initialization failed.
2021-02-01T14:50:31.725365Z 0 [ERROR] [MY-010119] [Server] Aborting
2021-02-01T14:50:31.726681Z 0 [System] [MY-010910] [Server] C:\Users\birkle\Python\Database\bin\mysqld: Shutdown complete (mysqld 8.0.23)  MySQL Community Server - GPL.
2021-02-01T14:51:33.817271Z 0 [System] [MY-010116] [Server] C:\Users\birkle\Python\Database\bin\mysqld (mysqld 8.0.23) starting as process 10300
2021-02-01T14:51:33.843137Z 1 [System] [MY-013576] [InnoDB] InnoDB initialization has started.
2021-02-01T14:51:33.845565Z 1 [ERROR] [MY-012271] [InnoDB] The innodb_system data file 'ibdata1' must be writable
2021-02-01T14:51:33.846563Z 1 [ERROR] [MY-012278] [InnoDB] The innodb_system data file 'ibdata1' must be writable
2021-02-01T14:51:33.847589Z 1 [ERROR] [MY-010334] [Server] Failed to initialize DD Storage Engine
2021-02-01T14:51:33.848677Z 0 [ERROR] [MY-010020] [Server] Data Dictionary initialization failed.
2021-02-01T14:51:33.849721Z 0 [ERROR] [MY-010119] [Server] Aborting
2021-02-01T14:51:33.851130Z 0 [System] [MY-010910] [Server] C:\Users\birkle\Python\Database\bin\mysqld: Shutdown complete (mysqld 8.0.23)  MySQL Community Server - GPL.
2021-02-15T22:48:39.202931Z 0 [System] [MY-010116] [Server] C:\Users\birkle\Documents\GitHub\moneymachine\database\bin\mysqld (mysqld 8.0.23) starting as process 11544
2021-02-15T22:48:39.354095Z 1 [System] [MY-013576] [InnoDB] InnoDB initialization has started.
2021-02-15T22:48:40.793554Z 1 [System] [MY-013577] [InnoDB] InnoDB initialization has ended.
2021-02-15T22:48:41.088294Z 0 [System] [MY-011323] [Server] X Plugin ready for connections. Bind-address: '::' port: 33060
2021-02-15T22:48:41.157583Z 0 [System] [MY-010229] [Server] Starting XA crash recovery...
2021-02-15T22:48:41.171275Z 0 [System] [MY-010232] [Server] XA crash recovery finished.
2021-02-15T22:48:41.341505Z 0 [Warning] [MY-010068] [Server] CA certificate ca.pem is self signed.
2021-02-15T22:48:41.342848Z 0 [System] [MY-013602] [Server] Channel mysql_main configured to support TLS. Encrypted connections are now supported for this channel.
2021-02-15T22:48:41.440587Z 0 [System] [MY-010931] [Server] C:\Users\birkle\Documents\GitHub\moneymachine\database\bin\mysqld: ready for connections. Version: '8.0.23'  socket: ''  port: 3306  MySQL Community Server - GPL.
2021-02-15T22:58:00.235930Z 0 [System] [MY-010116] [Server] C:\Users\birkle\Documents\GitHub\moneymachine\database\bin\mysqld (mysqld 8.0.23) starting as process 5696
2021-02-15T22:58:00.265213Z 1 [System] [MY-013576] [InnoDB] InnoDB initialization has started.
2021-02-15T22:58:01.595627Z 1 [System] [MY-013577] [InnoDB] InnoDB initialization has ended.
2021-02-15T22:58:01.886706Z 0 [System] [MY-011323] [Server] X Plugin ready for connections. Bind-address: '::' port: 33060
2021-02-15T22:58:01.921086Z 0 [System] [MY-010229] [Server] Starting XA crash recovery...
2021-02-15T22:58:01.930711Z 0 [System] [MY-010232] [Server] XA crash recovery finished.
2021-02-15T22:58:02.010466Z 0 [Warning] [MY-010068] [Server] CA certificate ca.pem is self signed.
2021-02-15T22:58:02.012166Z 0 [System] [MY-013602] [Server] Channel mysql_main configured to support TLS. Encrypted connections are now supported for this channel.
2021-02-15T22:58:02.091926Z 0 [System] [MY-010931] [Server] C:\Users\birkle\Documents\GitHub\moneymachine\database\bin\mysqld: ready for connections. Version: '8.0.23'  socket: ''  port: 3306  MySQL Community Server - GPL.
2021-02-15T23:02:53.505505Z 0 [System] [MY-010116] [Server] C:\Users\birkle\Documents\GitHub\moneymachine\database\bin\mysqld (mysqld 8.0.23) starting as process 11368
2021-02-15T23:02:53.536704Z 1 [System] [MY-013576] [InnoDB] InnoDB initialization has started.
2021-02-15T23:02:54.927456Z 1 [System] [MY-013577] [InnoDB] InnoDB initialization has ended.
2021-02-15T23:02:55.177662Z 0 [System] [MY-011323] [Server] X Plugin ready for connections. Bind-address: '::' port: 33060
2021-02-15T23:02:55.215621Z 0 [System] [MY-010229] [Server] Starting XA crash recovery...
2021-02-15T23:02:55.225961Z 0 [System] [MY-010232] [Server] XA crash recovery finished.
2021-02-15T23:02:55.305211Z 0 [Warning] [MY-010068] [Server] CA certificate ca.pem is self signed.
2021-02-15T23:02:55.306814Z 0 [System] [MY-013602] [Server] Channel mysql_main configured to support TLS. Encrypted connections are now supported for this channel.
2021-02-15T23:02:55.391860Z 0 [System] [MY-010931] [Server] C:\Users\birkle\Documents\GitHub\moneymachine\database\bin\mysqld: ready for connections. Version: '8.0.23'  socket: ''  port: 3306  MySQL Community Server - GPL.
2021-02-15T23:05:15.164463Z 0 [System] [MY-010116] [Server] C:\Users\birkle\Documents\GitHub\moneymachine\database\bin\mysqld (mysqld 8.0.23) starting as process 11308
2021-02-15T23:05:15.197569Z 1 [System] [MY-013576] [InnoDB] InnoDB initialization has started.
2021-02-15T23:05:16.626433Z 1 [System] [MY-013577] [InnoDB] InnoDB initialization has ended.
2021-02-15T23:05:16.911137Z 0 [System] [MY-011323] [Server] X Plugin ready for connections. Bind-address: '::' port: 33060
2021-02-15T23:05:16.990420Z 0 [System] [MY-010229] [Server] Starting XA crash recovery...
2021-02-15T23:05:16.999356Z 0 [System] [MY-010232] [Server] XA crash recovery finished.
2021-02-15T23:05:17.138119Z 0 [Warning] [MY-010068] [Server] CA certificate ca.pem is self signed.
2021-02-15T23:05:17.139266Z 0 [System] [MY-013602] [Server] Channel mysql_main configured to support TLS. Encrypted connections are now supported for this channel.
2021-02-15T23:05:17.201285Z 0 [System] [MY-010931] [Server] C:\Users\birkle\Documents\GitHub\moneymachine\database\bin\mysqld: ready for connections. Version: '8.0.23'  socket: ''  port: 3306  MySQL Community Server - GPL.
2021-02-15T23:06:46.372711Z 0 [System] [MY-010116] [Server] C:\Users\birkle\Documents\GitHub\moneymachine\database\bin\mysqld (mysqld 8.0.23) starting as process 13216
2021-02-15T23:06:46.404996Z 1 [System] [MY-013576] [InnoDB] InnoDB initialization has started.
2021-02-15T23:06:47.686128Z 1 [System] [MY-013577] [InnoDB] InnoDB initialization has ended.
2021-02-15T23:06:47.920384Z 0 [System] [MY-011323] [Server] X Plugin ready for connections. Bind-address: '::' port: 33060
2021-02-15T23:06:47.956656Z 0 [System] [MY-010229] [Server] Starting XA crash recovery...
2021-02-15T23:06:47.965620Z 0 [System] [MY-010232] [Server] XA crash recovery finished.
2021-02-15T23:06:48.052747Z 0 [Warning] [MY-010068] [Server] CA certificate ca.pem is self signed.
2021-02-15T23:06:48.054518Z 0 [System] [MY-013602] [Server] Channel mysql_main configured to support TLS. Encrypted connections are now supported for this channel.
2021-02-15T23:06:48.120332Z 0 [System] [MY-010931] [Server] C:\Users\birkle\Documents\GitHub\moneymachine\database\bin\mysqld: ready for connections. Version: '8.0.23'  socket: ''  port: 3306  MySQL Community Server - GPL.
2021-02-15T23:13:19.680957Z 0 [System] [MY-010116] [Server] C:\Users\birkle\Documents\GitHub\moneymachine\database\bin\mysqld (mysqld 8.0.23) starting as process 4780
2021-02-15T23:13:19.710538Z 1 [System] [MY-013576] [InnoDB] InnoDB initialization has started.
2021-02-15T23:13:21.166663Z 1 [System] [MY-013577] [InnoDB] InnoDB initialization has ended.
2021-02-15T23:13:21.412554Z 0 [System] [MY-011323] [Server] X Plugin ready for connections. Bind-address: '::' port: 33060
2021-02-15T23:13:21.449843Z 0 [System] [MY-010229] [Server] Starting XA crash recovery...
2021-02-15T23:13:21.460187Z 0 [System] [MY-010232] [Server] XA crash recovery finished.
2021-02-15T23:13:21.535158Z 0 [Warning] [MY-010068] [Server] CA certificate ca.pem is self signed.
2021-02-15T23:13:21.536356Z 0 [System] [MY-013602] [Server] Channel mysql_main configured to support TLS. Encrypted connections are now supported for this channel.
2021-02-15T23:13:21.608526Z 0 [System] [MY-010931] [Server] C:\Users\birkle\Documents\GitHub\moneymachine\database\bin\mysqld: ready for connections. Version: '8.0.23'  socket: ''  port: 3306  MySQL Community Server - GPL.
2021-02-15T23:21:47.907007Z 0 [System] [MY-010116] [Server] C:\Users\birkle\Documents\GitHub\moneymachine\database\bin\mysqld (mysqld 8.0.23) starting as process 4728
2021-02-15T23:21:47.940447Z 1 [System] [MY-013576] [InnoDB] InnoDB initialization has started.
2021-02-15T23:21:49.556835Z 1 [System] [MY-013577] [InnoDB] InnoDB initialization has ended.
2021-02-15T23:21:49.947121Z 0 [System] [MY-011323] [Server] X Plugin ready for connections. Bind-address: '::' port: 33060
2021-02-15T23:21:50.001367Z 0 [System] [MY-010229] [Server] Starting XA crash recovery...
2021-02-15T23:21:50.014542Z 0 [System] [MY-010232] [Server] XA crash recovery finished.
2021-02-15T23:21:50.102959Z 0 [Warning] [MY-010068] [Server] CA certificate ca.pem is self signed.
2021-02-15T23:21:50.104292Z 0 [System] [MY-013602] [Server] Channel mysql_main configured to support TLS. Encrypted connections are now supported for this channel.
2021-02-15T23:21:50.177837Z 0 [System] [MY-010931] [Server] C:\Users\birkle\Documents\GitHub\moneymachine\database\bin\mysqld: ready for connections. Version: '8.0.23'  socket: ''  port: 3306  MySQL Community Server - GPL.
2021-02-15T23:27:38.934946Z 0 [System] [MY-010116] [Server] C:\Users\birkle\Documents\GitHub\moneymachine\database\bin\mysqld (mysqld 8.0.23) starting as process 15720
2021-02-15T23:27:38.966887Z 1 [System] [MY-013576] [InnoDB] InnoDB initialization has started.
2021-02-15T23:27:40.320962Z 1 [System] [MY-013577] [InnoDB] InnoDB initialization has ended.
2021-02-15T23:27:40.613121Z 0 [System] [MY-011323] [Server] X Plugin ready for connections. Bind-address: '::' port: 33060
2021-02-15T23:27:40.658289Z 0 [System] [MY-010229] [Server] Starting XA crash recovery...
2021-02-15T23:27:40.668917Z 0 [System] [MY-010232] [Server] XA crash recovery finished.
2021-02-15T23:27:40.769814Z 0 [Warning] [MY-010068] [Server] CA certificate ca.pem is self signed.
2021-02-15T23:27:40.771499Z 0 [System] [MY-013602] [Server] Channel mysql_main configured to support TLS. Encrypted connections are now supported for this channel.
2021-02-15T23:27:40.859754Z 0 [System] [MY-010931] [Server] C:\Users\birkle\Documents\GitHub\moneymachine\database\bin\mysqld: ready for connections. Version: '8.0.23'  socket: ''  port: 3306  MySQL Community Server - GPL.
2021-02-16T01:10:20.270081Z 0 [System] [MY-010116] [Server] C:\Users\birkle\Documents\GitHub\moneymachine\database\bin\mysqld (mysqld 8.0.23) starting as process 16148
2021-02-16T01:10:20.299460Z 1 [System] [MY-013576] [InnoDB] InnoDB initialization has started.
2021-02-16T01:10:21.635409Z 1 [System] [MY-013577] [InnoDB] InnoDB initialization has ended.
2021-02-16T01:10:21.881543Z 0 [System] [MY-011323] [Server] X Plugin ready for connections. Bind-address: '::' port: 33060
2021-02-16T01:10:21.918970Z 0 [System] [MY-010229] [Server] Starting XA crash recovery...
2021-02-16T01:10:21.929406Z 0 [System] [MY-010232] [Server] XA crash recovery finished.
2021-02-16T01:10:22.023859Z 0 [Warning] [MY-010068] [Server] CA certificate ca.pem is self signed.
2021-02-16T01:10:22.025056Z 0 [System] [MY-013602] [Server] Channel mysql_main configured to support TLS. Encrypted connections are now supported for this channel.
2021-02-16T01:10:22.094690Z 0 [System] [MY-010931] [Server] C:\Users\birkle\Documents\GitHub\moneymachine\database\bin\mysqld: ready for connections. Version: '8.0.23'  socket: ''  port: 3306  MySQL Community Server - GPL.
2021-02-16T01:11:40.405980Z 0 [System] [MY-010116] [Server] C:\Users\birkle\Documents\GitHub\moneymachine\database\bin\mysqld (mysqld 8.0.23) starting as process 1332
2021-02-16T01:11:40.430025Z 1 [System] [MY-013576] [InnoDB] InnoDB initialization has started.
2021-02-16T01:11:41.741660Z 1 [System] [MY-013577] [InnoDB] InnoDB initialization has ended.
2021-02-16T01:11:42.024803Z 0 [System] [MY-011323] [Server] X Plugin ready for connections. Bind-address: '::' port: 33060
2021-02-16T01:11:42.068299Z 0 [System] [MY-010229] [Server] Starting XA crash recovery...
2021-02-16T01:11:42.078459Z 0 [System] [MY-010232] [Server] XA crash recovery finished.
2021-02-16T01:11:42.145954Z 0 [Warning] [MY-010068] [Server] CA certificate ca.pem is self signed.
2021-02-16T01:11:42.147827Z 0 [System] [MY-013602] [Server] Channel mysql_main configured to support TLS. Encrypted connections are now supported for this channel.
2021-02-16T01:11:42.215164Z 0 [System] [MY-010931] [Server] C:\Users\birkle\Documents\GitHub\moneymachine\database\bin\mysqld: ready for connections. Version: '8.0.23'  socket: ''  port: 3306  MySQL Community Server - GPL.
2021-02-16T01:29:09.059490Z 0 [System] [MY-010116] [Server] C:\Users\birkle\Documents\GitHub\moneymachine\database\bin\mysqld (mysqld 8.0.23) starting as process 9112
2021-02-16T01:29:09.095810Z 1 [System] [MY-013576] [InnoDB] InnoDB initialization has started.
2021-02-16T01:29:10.438177Z 1 [System] [MY-013577] [InnoDB] InnoDB initialization has ended.
2021-02-16T01:29:10.702691Z 0 [System] [MY-011323] [Server] X Plugin ready for connections. Bind-address: '::' port: 33060
2021-02-16T01:29:10.740847Z 0 [System] [MY-010229] [Server] Starting XA crash recovery...
2021-02-16T01:29:10.751948Z 0 [System] [MY-010232] [Server] XA crash recovery finished.
2021-02-16T01:29:10.840909Z 0 [Warning] [MY-010068] [Server] CA certificate ca.pem is self signed.
2021-02-16T01:29:10.842695Z 0 [System] [MY-013602] [Server] Channel mysql_main configured to support TLS. Encrypted connections are now supported for this channel.
2021-02-16T01:29:10.914336Z 0 [System] [MY-010931] [Server] C:\Users\birkle\Documents\GitHub\moneymachine\database\bin\mysqld: ready for connections. Version: '8.0.23'  socket: ''  port: 3306  MySQL Community Server - GPL.
2021-02-16T01:30:03.082138Z 0 [System] [MY-010116] [Server] C:\Users\birkle\Documents\GitHub\moneymachine\database\bin\mysqld (mysqld 8.0.23) starting as process 11540
2021-02-16T01:30:03.126604Z 1 [System] [MY-013576] [InnoDB] InnoDB initialization has started.
2021-02-16T01:30:04.549070Z 1 [System] [MY-013577] [InnoDB] InnoDB initialization has ended.
2021-02-16T01:30:04.813476Z 0 [System] [MY-011323] [Server] X Plugin ready for connections. Bind-address: '::' port: 33060
2021-02-16T01:30:04.856329Z 0 [System] [MY-010229] [Server] Starting XA crash recovery...
2021-02-16T01:30:04.864982Z 0 [System] [MY-010232] [Server] XA crash recovery finished.
2021-02-16T01:30:04.957216Z 0 [Warning] [MY-010068] [Server] CA certificate ca.pem is self signed.
2021-02-16T01:30:04.958433Z 0 [System] [MY-013602] [Server] Channel mysql_main configured to support TLS. Encrypted connections are now supported for this channel.
2021-02-16T01:30:05.022765Z 0 [System] [MY-010931] [Server] C:\Users\birkle\Documents\GitHub\moneymachine\database\bin\mysqld: ready for connections. Version: '8.0.23'  socket: ''  port: 3306  MySQL Community Server - GPL.
2021-02-16T01:31:23.012665Z 0 [System] [MY-010116] [Server] C:\Users\birkle\Documents\GitHub\moneymachine\database\bin\mysqld (mysqld 8.0.23) starting as process 4132
2021-02-16T01:31:23.054967Z 1 [System] [MY-013576] [InnoDB] InnoDB initialization has started.
2021-02-16T01:31:24.361215Z 1 [System] [MY-013577] [InnoDB] InnoDB initialization has ended.
2021-02-16T01:31:24.615309Z 0 [System] [MY-011323] [Server] X Plugin ready for connections. Bind-address: '::' port: 33060
2021-02-16T01:31:24.657407Z 0 [System] [MY-010229] [Server] Starting XA crash recovery...
2021-02-16T01:31:24.667055Z 0 [System] [MY-010232] [Server] XA crash recovery finished.
2021-02-16T01:31:24.749114Z 0 [Warning] [MY-010068] [Server] CA certificate ca.pem is self signed.
2021-02-16T01:31:24.750258Z 0 [System] [MY-013602] [Server] Channel mysql_main configured to support TLS. Encrypted connections are now supported for this channel.
2021-02-16T01:31:24.828209Z 0 [System] [MY-010931] [Server] C:\Users\birkle\Documents\GitHub\moneymachine\database\bin\mysqld: ready for connections. Version: '8.0.23'  socket: ''  port: 3306  MySQL Community Server - GPL.
2021-02-16T01:32:54.457020Z 0 [System] [MY-010116] [Server] C:\Users\birkle\Documents\GitHub\moneymachine\database\bin\mysqld (mysqld 8.0.23) starting as process 6388
2021-02-16T01:32:54.484331Z 1 [System] [MY-013576] [InnoDB] InnoDB initialization has started.
2021-02-16T01:32:55.781398Z 1 [System] [MY-013577] [InnoDB] InnoDB initialization has ended.
2021-02-16T01:32:56.060257Z 0 [System] [MY-011323] [Server] X Plugin ready for connections. Bind-address: '::' port: 33060
2021-02-16T01:32:56.096142Z 0 [System] [MY-010229] [Server] Starting XA crash recovery...
2021-02-16T01:32:56.106195Z 0 [System] [MY-010232] [Server] XA crash recovery finished.
2021-02-16T01:32:56.194523Z 0 [Warning] [MY-010068] [Server] CA certificate ca.pem is self signed.
2021-02-16T01:32:56.196423Z 0 [System] [MY-013602] [Server] Channel mysql_main configured to support TLS. Encrypted connections are now supported for this channel.
2021-02-16T01:32:56.263579Z 0 [System] [MY-010931] [Server] C:\Users\birkle\Documents\GitHub\moneymachine\database\bin\mysqld: ready for connections. Version: '8.0.23'  socket: ''  port: 3306  MySQL Community Server - GPL.
2021-02-16T01:33:48.796441Z 0 [System] [MY-010116] [Server] C:\Users\birkle\Documents\GitHub\moneymachine\database\bin\mysqld (mysqld 8.0.23) starting as process 16184
2021-02-16T01:33:48.833863Z 1 [System] [MY-013576] [InnoDB] InnoDB initialization has started.
2021-02-16T01:33:50.158624Z 1 [System] [MY-013577] [InnoDB] InnoDB initialization has ended.
2021-02-16T01:33:50.416439Z 0 [System] [MY-011323] [Server] X Plugin ready for connections. Bind-address: '::' port: 33060
2021-02-16T01:33:50.448929Z 0 [System] [MY-010229] [Server] Starting XA crash recovery...
2021-02-16T01:33:50.457589Z 0 [System] [MY-010232] [Server] XA crash recovery finished.
2021-02-16T01:33:50.544239Z 0 [Warning] [MY-010068] [Server] CA certificate ca.pem is self signed.
2021-02-16T01:33:50.545943Z 0 [System] [MY-013602] [Server] Channel mysql_main configured to support TLS. Encrypted connections are now supported for this channel.
2021-02-16T01:33:50.614705Z 0 [System] [MY-010931] [Server] C:\Users\birkle\Documents\GitHub\moneymachine\database\bin\mysqld: ready for connections. Version: '8.0.23'  socket: ''  port: 3306  MySQL Community Server - GPL.
